<?xml version="1.0" encoding="UTF-8"?>
<!-- Generated by org.testng.reporters.JUnitXMLReporter -->
<testsuite hostname="DESKTOP-4D5E347" ignored="2" name="Regression Test" tests="3" failures="0" timestamp="2020-01-19T14:16:50 EST" time="36.538" errors="0">
  <testcase name="leaveLabelValidation" time="7.6" classname="com.hrms.testcases.LeaveListPageTest"/>
  <testcase name="leaveLableValidation1" time="7.566" classname="com.hrms.testcases.LeaveListPageTest"/>
  <testcase name="negativeLogin" time="5.217" classname="com.hrms.testcases.LoginPageTest"/>
  <testcase name="login" time="0.0" classname="com.hrms.testcases.LoginPageTest">
    <ignored/>
  </testcase> <!-- login -->
  <testcase name="addEmployee" time="0.0" classname="com.hrms.testcases.AddEmployee">
    <ignored/>
  </testcase> <!-- addEmployee -->
</testsuite> <!-- Regression Test -->
